
*** Running vivado
    with args -log maquina_dispensadora.vds -m64 -product Vivado -mode batch -messageDb vivado.pb -notrace -source maquina_dispensadora.tcl


****** Vivado v2018.2 (64-bit)
  **** SW Build 2258646 on Thu Jun 14 20:02:38 MDT 2018
  **** IP Build 2256618 on Thu Jun 14 22:10:49 MDT 2018
    ** Copyright 1986-2018 Xilinx, Inc. All Rights Reserved.

source maquina_dispensadora.tcl -notrace
Command: synth_design -top maquina_dispensadora -part xc7z020clg484-1
Starting synth_design
Attempting to get a license for feature 'Synthesis' and/or device 'xc7z020'
INFO: [Common 17-349] Got license for feature 'Synthesis' and/or device 'xc7z020'
INFO: Launching helper process for spawning children vivado processes
INFO: Helper process launched with PID 15450 
---------------------------------------------------------------------------------
Starting Synthesize : Time (s): cpu = 00:00:02 ; elapsed = 00:00:02 . Memory (MB): peak = 1258.535 ; gain = 75.805 ; free physical = 2525 ; free virtual = 12535
---------------------------------------------------------------------------------
INFO: [Synth 8-638] synthesizing module 'maquina_dispensadora' [/home/betegon/Dropbox/UNIVERSIDAD/MASTER/1_MASTER/1er_CUATRI/ampliacin de sistemas electrnicos/maquina_dispensadora/maquina_dispensadora.srcs/sources_1/new/maquina_dispensadora.vhd:43]
INFO: [Synth 8-256] done synthesizing module 'maquina_dispensadora' (1#1) [/home/betegon/Dropbox/UNIVERSIDAD/MASTER/1_MASTER/1er_CUATRI/ampliacin de sistemas electrnicos/maquina_dispensadora/maquina_dispensadora.srcs/sources_1/new/maquina_dispensadora.vhd:43]
---------------------------------------------------------------------------------
Finished Synthesize : Time (s): cpu = 00:00:02 ; elapsed = 00:00:03 . Memory (MB): peak = 1303.160 ; gain = 120.430 ; free physical = 2536 ; free virtual = 12547
---------------------------------------------------------------------------------
---------------------------------------------------------------------------------
Finished Constraint Validation : Time (s): cpu = 00:00:02 ; elapsed = 00:00:03 . Memory (MB): peak = 1303.160 ; gain = 120.430 ; free physical = 2537 ; free virtual = 12547
---------------------------------------------------------------------------------
---------------------------------------------------------------------------------
Start Loading Part and Timing Information
---------------------------------------------------------------------------------
Loading part: xc7z020clg484-1
---------------------------------------------------------------------------------
Finished Loading Part and Timing Information : Time (s): cpu = 00:00:02 ; elapsed = 00:00:03 . Memory (MB): peak = 1311.164 ; gain = 128.434 ; free physical = 2537 ; free virtual = 12547
---------------------------------------------------------------------------------
INFO: [Synth 8-802] inferred FSM for state register 'state_reg' in module 'maquina_dispensadora'
INFO: [Device 21-403] Loading part xc7z020clg484-1
INFO: [Synth 8-5544] ROM "D" won't be mapped to Block RAM because address size (2) smaller than threshold (5)
INFO: [Synth 8-5544] ROM "tot" won't be mapped to Block RAM because address size (2) smaller than threshold (5)
---------------------------------------------------------------------------------------------------
                   State |                     New Encoding |                Previous Encoding 
---------------------------------------------------------------------------------------------------
                    init |                             0001 |                               00
                   waitt |                             0010 |                               01
                     add |                             0100 |                               10
                    disp |                             1000 |                               11
---------------------------------------------------------------------------------------------------
INFO: [Synth 8-3354] encoded FSM with state register 'state_reg' using encoding 'one-hot' in module 'maquina_dispensadora'
---------------------------------------------------------------------------------
Finished RTL Optimization Phase 2 : Time (s): cpu = 00:00:02 ; elapsed = 00:00:03 . Memory (MB): peak = 1319.172 ; gain = 136.441 ; free physical = 2528 ; free virtual = 12539
---------------------------------------------------------------------------------

Report RTL Partitions: 
+-+--------------+------------+----------+
| |RTL Partition |Replication |Instances |
+-+--------------+------------+----------+
+-+--------------+------------+----------+
No constraint files found.
---------------------------------------------------------------------------------
Start RTL Component Statistics 
---------------------------------------------------------------------------------
Detailed RTL Component Info : 
+---Adders : 
	   2 Input      8 Bit       Adders := 1     
+---Registers : 
	                8 Bit    Registers := 1     
+---Muxes : 
	   4 Input      4 Bit        Muxes := 1     
	   2 Input      4 Bit        Muxes := 2     
	   2 Input      1 Bit        Muxes := 1     
	   4 Input      1 Bit        Muxes := 1     
---------------------------------------------------------------------------------
Finished RTL Component Statistics 
---------------------------------------------------------------------------------
---------------------------------------------------------------------------------
Start RTL Hierarchical Component Statistics 
---------------------------------------------------------------------------------
Hierarchical RTL Component report 
Module maquina_dispensadora 
Detailed RTL Component Info : 
+---Adders : 
	   2 Input      8 Bit       Adders := 1     
+---Registers : 
	                8 Bit    Registers := 1     
+---Muxes : 
	   4 Input      4 Bit        Muxes := 1     
	   2 Input      4 Bit        Muxes := 2     
	   2 Input      1 Bit        Muxes := 1     
	   4 Input      1 Bit        Muxes := 1     
---------------------------------------------------------------------------------
Finished RTL Hierarchical Component Statistics
---------------------------------------------------------------------------------
---------------------------------------------------------------------------------
Start Part Resource Summary
---------------------------------------------------------------------------------
Part Resources:
DSPs: 220 (col length:60)
BRAMs: 280 (col length: RAMB18 60 RAMB36 30)
---------------------------------------------------------------------------------
Finished Part Resource Summary
---------------------------------------------------------------------------------
No constraint files found.
---------------------------------------------------------------------------------
Start Cross Boundary and Area Optimization
---------------------------------------------------------------------------------
Warning: Parallel synthesis criteria is not met 
---------------------------------------------------------------------------------
Finished Cross Boundary and Area Optimization : Time (s): cpu = 00:00:10 ; elapsed = 00:00:25 . Memory (MB): peak = 1448.914 ; gain = 266.184 ; free physical = 2354 ; free virtual = 12366
---------------------------------------------------------------------------------

Report RTL Partitions: 
+-+--------------+------------+----------+
| |RTL Partition |Replication |Instances |
+-+--------------+------------+----------+
+-+--------------+------------+----------+
No constraint files found.
---------------------------------------------------------------------------------
Start Timing Optimization
---------------------------------------------------------------------------------
---------------------------------------------------------------------------------
Finished Timing Optimization : Time (s): cpu = 00:00:10 ; elapsed = 00:00:25 . Memory (MB): peak = 1448.914 ; gain = 266.184 ; free physical = 2354 ; free virtual = 12366
---------------------------------------------------------------------------------

Report RTL Partitions: 
+-+--------------+------------+----------+
| |RTL Partition |Replication |Instances |
+-+--------------+------------+----------+
+-+--------------+------------+----------+
---------------------------------------------------------------------------------
Start Technology Mapping
---------------------------------------------------------------------------------
---------------------------------------------------------------------------------
Finished Technology Mapping : Time (s): cpu = 00:00:10 ; elapsed = 00:00:25 . Memory (MB): peak = 1448.914 ; gain = 266.184 ; free physical = 2353 ; free virtual = 12365
---------------------------------------------------------------------------------

Report RTL Partitions: 
+-+--------------+------------+----------+
| |RTL Partition |Replication |Instances |
+-+--------------+------------+----------+
+-+--------------+------------+----------+
---------------------------------------------------------------------------------
Start IO Insertion
---------------------------------------------------------------------------------
---------------------------------------------------------------------------------
Start Flattening Before IO Insertion
---------------------------------------------------------------------------------
---------------------------------------------------------------------------------
Finished Flattening Before IO Insertion
---------------------------------------------------------------------------------
---------------------------------------------------------------------------------
Start Final Netlist Cleanup
---------------------------------------------------------------------------------
---------------------------------------------------------------------------------
Finished Final Netlist Cleanup
---------------------------------------------------------------------------------
---------------------------------------------------------------------------------
Finished IO Insertion : Time (s): cpu = 00:00:10 ; elapsed = 00:00:25 . Memory (MB): peak = 1448.914 ; gain = 266.184 ; free physical = 2353 ; free virtual = 12365
---------------------------------------------------------------------------------

Report Check Netlist: 
+------+------------------+-------+---------+-------+------------------+
|      |Item              |Errors |Warnings |Status |Description       |
+------+------------------+-------+---------+-------+------------------+
|1     |multi_driven_nets |      0|        0|Passed |Multi driven nets |
+------+------------------+-------+---------+-------+------------------+
---------------------------------------------------------------------------------
Start Renaming Generated Instances
---------------------------------------------------------------------------------
---------------------------------------------------------------------------------
Finished Renaming Generated Instances : Time (s): cpu = 00:00:10 ; elapsed = 00:00:25 . Memory (MB): peak = 1448.914 ; gain = 266.184 ; free physical = 2353 ; free virtual = 12365
---------------------------------------------------------------------------------

Report RTL Partitions: 
+-+--------------+------------+----------+
| |RTL Partition |Replication |Instances |
+-+--------------+------------+----------+
+-+--------------+------------+----------+
---------------------------------------------------------------------------------
Start Rebuilding User Hierarchy
---------------------------------------------------------------------------------
---------------------------------------------------------------------------------
Finished Rebuilding User Hierarchy : Time (s): cpu = 00:00:10 ; elapsed = 00:00:25 . Memory (MB): peak = 1448.914 ; gain = 266.184 ; free physical = 2353 ; free virtual = 12365
---------------------------------------------------------------------------------
---------------------------------------------------------------------------------
Start Renaming Generated Ports
---------------------------------------------------------------------------------
---------------------------------------------------------------------------------
Finished Renaming Generated Ports : Time (s): cpu = 00:00:10 ; elapsed = 00:00:25 . Memory (MB): peak = 1448.914 ; gain = 266.184 ; free physical = 2353 ; free virtual = 12365
---------------------------------------------------------------------------------
---------------------------------------------------------------------------------
Start Handling Custom Attributes
---------------------------------------------------------------------------------
---------------------------------------------------------------------------------
Finished Handling Custom Attributes : Time (s): cpu = 00:00:10 ; elapsed = 00:00:25 . Memory (MB): peak = 1448.914 ; gain = 266.184 ; free physical = 2353 ; free virtual = 12365
---------------------------------------------------------------------------------
---------------------------------------------------------------------------------
Start Renaming Generated Nets
---------------------------------------------------------------------------------
---------------------------------------------------------------------------------
Finished Renaming Generated Nets : Time (s): cpu = 00:00:10 ; elapsed = 00:00:25 . Memory (MB): peak = 1448.914 ; gain = 266.184 ; free physical = 2353 ; free virtual = 12365
---------------------------------------------------------------------------------
---------------------------------------------------------------------------------
Start Writing Synthesis Report
---------------------------------------------------------------------------------

Report BlackBoxes: 
+-+--------------+----------+
| |BlackBox name |Instances |
+-+--------------+----------+
+-+--------------+----------+

Report Cell Usage: 
+------+-------+------+
|      |Cell   |Count |
+------+-------+------+
|1     |BUFG   |     1|
|2     |CARRY4 |     3|
|3     |LUT2   |     9|
|4     |LUT3   |     1|
|5     |LUT4   |     8|
|6     |LUT5   |     2|
|7     |FDCE   |    11|
|8     |FDPE   |     1|
|9     |IBUF   |    19|
|10    |OBUF   |     1|
+------+-------+------+

Report Instance Areas: 
+------+---------+-------+------+
|      |Instance |Module |Cells |
+------+---------+-------+------+
|1     |top      |       |    56|
+------+---------+-------+------+
---------------------------------------------------------------------------------
Finished Writing Synthesis Report : Time (s): cpu = 00:00:10 ; elapsed = 00:00:25 . Memory (MB): peak = 1448.914 ; gain = 266.184 ; free physical = 2353 ; free virtual = 12365
---------------------------------------------------------------------------------
Synthesis finished with 0 errors, 0 critical warnings and 0 warnings.
Synthesis Optimization Runtime : Time (s): cpu = 00:00:10 ; elapsed = 00:00:25 . Memory (MB): peak = 1448.914 ; gain = 266.184 ; free physical = 2354 ; free virtual = 12366
Synthesis Optimization Complete : Time (s): cpu = 00:00:10 ; elapsed = 00:00:25 . Memory (MB): peak = 1448.922 ; gain = 266.184 ; free physical = 2354 ; free virtual = 12366
INFO: [Project 1-571] Translating synthesized netlist
INFO: [Netlist 29-17] Analyzing 22 Unisim elements for replacement
INFO: [Netlist 29-28] Unisim Transformation completed in 0 CPU seconds
INFO: [Project 1-570] Preparing netlist for logic optimization
INFO: [Opt 31-138] Pushed 0 inverter(s) to 0 load pin(s).
INFO: [Project 1-111] Unisim Transformation Summary:
No Unisim elements were transformed.

INFO: [Common 17-83] Releasing license: Synthesis
15 Infos, 0 Warnings, 0 Critical Warnings and 0 Errors encountered.
synth_design completed successfully
synth_design: Time (s): cpu = 00:00:13 ; elapsed = 00:00:27 . Memory (MB): peak = 1536.938 ; gain = 354.402 ; free physical = 2322 ; free virtual = 12334
WARNING: [Constraints 18-5210] No constraint will be written out.
INFO: [Common 17-1381] The checkpoint '/home/betegon/Dropbox/UNIVERSIDAD/MASTER/1_MASTER/1er_CUATRI/ampliacin de sistemas electrnicos/maquina_dispensadora/maquina_dispensadora.runs/synth_1/maquina_dispensadora.dcp' has been generated.
INFO: [runtcl-4] Executing : report_utilization -file maquina_dispensadora_utilization_synth.rpt -pb maquina_dispensadora_utilization_synth.pb
report_utilization: Time (s): cpu = 00:00:00.10 ; elapsed = 00:00:00.12 . Memory (MB): peak = 1560.949 ; gain = 0.000 ; free physical = 2323 ; free virtual = 12335
INFO: [Common 17-206] Exiting Vivado at Mon Nov  5 11:57:49 2018...
